#
# A fatal error has been detected by the Java Runtime Environment:
#
#  EXCEPTION_ACCESS_VIOLATION (0xc0000005) at pc=0x69e4757e, pid=2800, tid=0x00001a3c
#
# JRE version: Java(TM) SE Runtime Environment (8.0_191-b12) (build 1.8.0_191-b12)
# Java VM: Java HotSpot(TM) Client VM (25.191-b12 mixed mode windows-x86 )
# Problematic frame:
# V  [jvm.dll+0xe757e]
#
# Failed to write core dump. Minidumps are not enabled by default on client versions of Windows
#
# If you would like to submit a bug report, please visit:
#   http://bugreport.java.com/bugreport/crash.jsp
#

---------------  T H R E A D  ---------------

Current thread (0x2960e000):  JavaThread "EventThread COM4" [_thread_in_vm, id=6716, stack(0x02b90000,0x02be0000)]

siginfo: ExceptionCode=0xc0000005, reading address 0x00000000

Registers:
EAX=0x00000000, EBX=0x01239950, ECX=0x2960e000, EDX=0x0000009f
ESP=0x02bdee1c, EBP=0x02bdee38, ESI=0x00000000, EDI=0x2960e000
EIP=0x69e4757e, EFLAGS=0x00010246

Top of Stack: (sp=0x02bdee1c)
0x02bdee1c:   02bdee54 2960e140 01239950 2960e000
0x02bdee2c:   2850008c 0000009f 6a045568 02bdfac8
0x02bdee3c:   6400183d 2960e140 00000000 00000000
0x02bdee4c:   00000c2c 02bdee54 30302e30 69640a0d
0x02bdee5c:   6e617473 795f6563 203d2079 30302e30
0x02bdee6c:   6e610a0d 5f656c67 203d2078 30302e30
0x02bdee7c:   6e610a0d 5f656c67 203d2079 302e302d
0x02bdee8c:   6d0a0d36 785f6e69 0d30203d 760a0a0a 

Instructions: (pc=0x69e4757e)
0x69e4755e:   c4 08 83 7f 04 00 89 7d f0 c7 45 f4 00 00 00 00
0x69e4756e:   74 08 8d 4d f0 e8 e8 34 0c 00 8b 75 10 8b 45 0c
0x69e4757e:   8b 10 85 f6 78 32 8b 45 14 85 c0 78 2b 8d 0c 06
0x69e4758e:   3b 4a 08 77 23 85 c0 7e 3b 8b 4a 04 8b 49 04 83 


Register to memory mapping:

EAX=0x00000000 is an unknown value
EBX=0x01239950 is an unknown value
ECX=0x2960e000 is a thread
EDX=0x0000009f is an unknown value
ESP=0x02bdee1c is pointing into the stack for thread: 0x2960e000
EBP=0x02bdee38 is pointing into the stack for thread: 0x2960e000
ESI=0x00000000 is an unknown value
EDI=0x2960e000 is a thread


Stack: [0x02b90000,0x02be0000],  sp=0x02bdee1c,  free space=315k
Native frames: (J=compiled Java code, j=interpreted, Vv=VM code, C=native code)
V  [jvm.dll+0xe757e]
C  [jSSC-2.8_x86.dll+0x183d]
J 2485  jssc.SerialNativeInterface.readBytes(JI)[B (0 bytes) @ 0x03257c65 [0x03257bd0+0x95]
J 2865% C1 jssc.SerialPort$EventThread.run()V (84 bytes) @ 0x032db24c [0x032dafc0+0x28c]
v  ~StubRoutines::call_stub
V  [jvm.dll+0x15c315]
V  [jvm.dll+0x223ece]
V  [jvm.dll+0x15c3ae]
V  [jvm.dll+0x15c536]
V  [jvm.dll+0x15c5a7]
V  [jvm.dll+0x1002ef]
V  [jvm.dll+0x17f550]
V  [jvm.dll+0x17fdca]
V  [jvm.dll+0x1c57a6]
C  [msvcr100.dll+0x5c556]
C  [msvcr100.dll+0x5c600]
C  [KERNEL32.DLL+0x1fa29]
C  [ntdll.dll+0x67a7e]
C  [ntdll.dll+0x67a4e]
C  0x00000000

Java frames: (J=compiled Java code, j=interpreted, Vv=VM code)
J 2485  jssc.SerialNativeInterface.readBytes(JI)[B (0 bytes) @ 0x03257c21 [0x03257bd0+0x51]
J 2865% C1 jssc.SerialPort$EventThread.run()V (84 bytes) @ 0x032db24c [0x032dafc0+0x28c]
v  ~StubRoutines::call_stub

---------------  P R O C E S S  ---------------

Java Threads: ( => current thread )
=>0x2960e000 JavaThread "EventThread COM4" [_thread_in_vm, id=6716, stack(0x02b90000,0x02be0000)]
  0x2960d400 JavaThread "DestroyJavaVM" [_thread_blocked, id=4436, stack(0x02ac0000,0x02b10000)]
  0x2960f800 JavaThread "TimerQueue" daemon [_thread_blocked, id=13040, stack(0x2abf0000,0x2ac40000)]
  0x281dec00 JavaThread "AWT-EventQueue-0" [_thread_blocked, id=11604, stack(0x29220000,0x29270000)]
  0x281dd400 JavaThread "AWT-Shutdown" [_thread_blocked, id=12760, stack(0x28cc0000,0x28d10000)]
  0x281e0000 JavaThread "Batik CleanerThread" daemon [_thread_blocked, id=1824, stack(0x29400000,0x29450000)]
  0x281ddc00 JavaThread "JmDNS(LAPTOP-PG56KA94.local.).State.Timer" [_thread_blocked, id=5208, stack(0x29000000,0x29050000)]
  0x281de800 JavaThread "JmDNS(LAPTOP-PG56KA94.local.).Timer" daemon [_thread_blocked, id=12456, stack(0x28f70000,0x28fc0000)]
  0x281df400 JavaThread "SocketListener(LAPTOP-PG56KA94.local.)" daemon [_thread_blocked, id=18348, stack(0x28ee0000,0x28f30000)]
  0x281de000 JavaThread "Multihomed mDNS.Timer" daemon [_thread_blocked, id=7728, stack(0x26ef0000,0x26f40000)]
  0x26888800 JavaThread "cc.arduino.packages.discoverers.serial.SerialDiscovery" [_thread_blocked, id=13680, stack(0x28d50000,0x28da0000)]
  0x26a93000 JavaThread "AWT-Windows" daemon [_thread_blocked, id=2332, stack(0x26f80000,0x26fd0000)]
  0x26a91000 JavaThread "Java2D Disposer" daemon [_thread_blocked, id=16748, stack(0x26e60000,0x26eb0000)]
  0x260d3400 JavaThread "Service Thread" daemon [_thread_blocked, id=6828, stack(0x26700000,0x26750000)]
  0x260df400 JavaThread "C1 CompilerThread0" daemon [_thread_blocked, id=10504, stack(0x26670000,0x266c0000)]
  0x260ddc00 JavaThread "Attach Listener" daemon [_thread_blocked, id=14304, stack(0x265e0000,0x26630000)]
  0x260d9800 JavaThread "Signal Dispatcher" daemon [_thread_blocked, id=11868, stack(0x26550000,0x265a0000)]
  0x260bd000 JavaThread "Finalizer" daemon [_thread_blocked, id=8696, stack(0x263c0000,0x26410000)]
  0x260b7000 JavaThread "Reference Handler" daemon [_thread_blocked, id=5392, stack(0x26330000,0x26380000)]

Other Threads:
  0x260a1400 VMThread [stack: 0x262a0000,0x262f0000] [id=18752]
  0x260d6800 WatcherThread [stack: 0x26790000,0x267e0000] [id=18356]

VM state:synchronizing (normal execution)

VM Mutex/Monitor currently owned by a thread:  ([mutex/lock_event])
[0x02b4de80] Threads_lock - owner thread: 0x260a1400
[0x02b4da08] Heap_lock - owner thread: 0x281dec00

Heap:
 def new generation   total 157248K, used 157247K [0x04e00000, 0x0f8a0000, 0x0f8a0000)
  eden space 139776K, 100% used [0x04e00000, 0x0d680000, 0x0d680000)
  from space 17472K,  99% used [0x0e790000, 0x0f89ffe8, 0x0f8a0000)
  to   space 17472K,   0% used [0x0d680000, 0x0d680000, 0x0e790000)
 tenured generation   total 349568K, used 349567K [0x0f8a0000, 0x24e00000, 0x24e00000)
   the space 349568K,  99% used [0x0f8a0000, 0x24dffff8, 0x24e00000, 0x24e00000)
 Metaspace       used 25398K, capacity 25934K, committed 26112K, reserved 27008K

Card table byte_map: [0x24e00000,0x24f10000] byte_map_base: 0x24dd9000

Polling page: 0x02b10000

CodeCache: size=32768Kb used=2219Kb max_used=5534Kb free=30548Kb
 bounds [0x02e00000, 0x03370000, 0x04e00000]
 total_blobs=1421 nmethods=1123 adapters=227
 compilation: enabled

Compilation events (10 events):
Event: 2538.010 Thread 0x260df400 21970             java.awt.font.FontRenderContext::hashCode (71 bytes)
Event: 2538.010 Thread 0x260df400 nmethod 21970 0x02ecb648 code [0x02ecb790, 0x02ecb9ac]
Event: 2538.010 Thread 0x260df400 21971             java.awt.Font::defaultLineMetrics (397 bytes)
Event: 2538.011 Thread 0x260df400 nmethod 21971 0x032b1608 code [0x032b1800, 0x032b2200]
Event: 2538.011 Thread 0x260df400 21972   !         sun.font.FontLineMetrics::clone (15 bytes)
Event: 2538.011 Thread 0x260df400 nmethod 21972 0x03064b88 code [0x03064ca0, 0x03064dc8]
Event: 2539.065 Thread 0x260df400 21973             javax.swing.text.SimpleAttributeSet$EmptyAttributeSet::isDefined (2 bytes)
Event: 2539.065 Thread 0x260df400 nmethod 21973 0x02f2a948 code [0x02f2aa40, 0x02f2aac0]
Event: 2540.764 Thread 0x260df400 21974  s          java.io.ByteArrayInputStream::read (36 bytes)
Event: 2540.765 Thread 0x260df400 nmethod 21974 0x0332ca48 code [0x0332cb40, 0x0332cd40]

GC Heap History (10 events):
Event: 2557.838 GC heap before
{Heap before GC invocations=3242 (full 1140):
 def new generation   total 157248K, used 157248K [0x04e00000, 0x0f8a0000, 0x0f8a0000)
  eden space 139776K, 100% used [0x04e00000, 0x0d680000, 0x0d680000)
  from space 17472K, 100% used [0x0e790000, 0x0f8a0000, 0x0f8a0000)
  to   space 17472K,   0% used [0x0d680000, 0x0d680000, 0x0e790000)
 tenured generation   total 349568K, used 349567K [0x0f8a0000, 0x24e00000, 0x24e00000)
   the space 349568K,  99% used [0x0f8a0000, 0x24dfffe8, 0x24e00000, 0x24e00000)
 Metaspace       used 25398K, capacity 25934K, committed 26112K, reserved 27008K
Event: 2558.349 GC heap after
Heap after GC invocations=3243 (full 1141):
 def new generation   total 157248K, used 157245K [0x04e00000, 0x0f8a0000, 0x0f8a0000)
  eden space 139776K,  99% used [0x04e00000, 0x0d67ffb0, 0x0d680000)
  from space 17472K,  99% used [0x0e790000, 0x0f89f588, 0x0f8a0000)
  to   space 17472K,   0% used [0x0d680000, 0x0d680000, 0x0e790000)
 tenured generation   total 349568K, used 349567K [0x0f8a0000, 0x24e00000, 0x24e00000)
   the space 349568K,  99% used [0x0f8a0000, 0x24dfffe8, 0x24e00000, 0x24e00000)
 Metaspace       used 25398K, capacity 25934K, committed 26112K, reserved 27008K
}
Event: 2558.350 GC heap before
{Heap before GC invocations=3243 (full 1141):
 def new generation   total 157248K, used 157247K [0x04e00000, 0x0f8a0000, 0x0f8a0000)
  eden space 139776K, 100% used [0x04e00000, 0x0d680000, 0x0d680000)
  from space 17472K,  99% used [0x0e790000, 0x0f89fff8, 0x0f8a0000)
  to   space 17472K,   0% used [0x0d680000, 0x0d680000, 0x0e790000)
 tenured generation   total 349568K, used 349567K [0x0f8a0000, 0x24e00000, 0x24e00000)
   the space 349568K,  99% used [0x0f8a0000, 0x24dfffe8, 0x24e00000, 0x24e00000)
 Metaspace       used 25398K, capacity 25934K, committed 26112K, reserved 27008K
Event: 2558.881 GC heap after
Heap after GC invocations=3244 (full 1142):
 def new generation   total 157248K, used 157246K [0x04e00000, 0x0f8a0000, 0x0f8a0000)
  eden space 139776K,  99% used [0x04e00000, 0x0d67ff98, 0x0d680000)
  from space 17472K,  99% used [0x0e790000, 0x0f89fc30, 0x0f8a0000)
  to   space 17472K,   0% used [0x0d680000, 0x0d680000, 0x0e790000)
 tenured generation   total 349568K, used 349567K [0x0f8a0000, 0x24e00000, 0x24e00000)
   the space 349568K,  99% used [0x0f8a0000, 0x24dfffe8, 0x24e00000, 0x24e00000)
 Metaspace       used 25398K, capacity 25934K, committed 26112K, reserved 27008K
}
Event: 2558.882 GC heap before
{Heap before GC invocations=3244 (full 1142):
 def new generation   total 157248K, used 157248K [0x04e00000, 0x0f8a0000, 0x0f8a0000)
  eden space 139776K, 100% used [0x04e00000, 0x0d680000, 0x0d680000)
  from space 17472K, 100% used [0x0e790000, 0x0f8a0000, 0x0f8a0000)
  to   space 17472K,   0% used [0x0d680000, 0x0d680000, 0x0e790000)
 tenured generation   total 349568K, used 349568K [0x0f8a0000, 0x24e00000, 0x24e00000)
   the space 349568K, 100% used [0x0f8a0000, 0x24e00000, 0x24e00000, 0x24e00000)
 Metaspace       used 25398K, capacity 25934K, committed 26112K, reserved 27008K
Event: 2559.368 GC heap after
Heap after GC invocations=3245 (full 1143):
 def new generation   total 157248K, used 157246K [0x04e00000, 0x0f8a0000, 0x0f8a0000)
  eden space 139776K,  99% used [0x04e00000, 0x0d67ffd0, 0x0d680000)
  from space 17472K,  99% used [0x0e790000, 0x0f89f8d8, 0x0f8a0000)
  to   space 17472K,   0% used [0x0d680000, 0x0d680000, 0x0e790000)
 tenured generation   total 349568K, used 349568K [0x0f8a0000, 0x24e00000, 0x24e00000)
   the space 349568K, 100% used [0x0f8a0000, 0x24e00000, 0x24e00000, 0x24e00000)
 Metaspace       used 25398K, capacity 25934K, committed 26112K, reserved 27008K
}
Event: 2559.369 GC heap before
{Heap before GC invocations=3245 (full 1143):
 def new generation   total 157248K, used 157247K [0x04e00000, 0x0f8a0000, 0x0f8a0000)
  eden space 139776K, 100% used [0x04e00000, 0x0d680000, 0x0d680000)
  from space 17472K,  99% used [0x0e790000, 0x0f89fc30, 0x0f8a0000)
  to   space 17472K,   0% used [0x0d680000, 0x0d680000, 0x0e790000)
 tenured generation   total 349568K, used 349568K [0x0f8a0000, 0x24e00000, 0x24e00000)
   the space 349568K, 100% used [0x0f8a0000, 0x24e00000, 0x24e00000, 0x24e00000)
 Metaspace       used 25398K, capacity 25934K, committed 26112K, reserved 27008K
Event: 2560.043 GC heap after
Heap after GC invocations=3246 (full 1144):
 def new generation   total 157248K, used 157246K [0x04e00000, 0x0f8a0000, 0x0f8a0000)
  eden space 139776K,  99% used [0x04e00000, 0x0d67fec0, 0x0d680000)
  from space 17472K,  99% used [0x0e790000, 0x0f89f9b8, 0x0f8a0000)
  to   space 17472K,   0% used [0x0d680000, 0x0d680000, 0x0e790000)
 tenured generation   total 349568K, used 349567K [0x0f8a0000, 0x24e00000, 0x24e00000)
   the space 349568K,  99% used [0x0f8a0000, 0x24dffff8, 0x24e00000, 0x24e00000)
 Metaspace       used 25398K, capacity 25934K, committed 26112K, reserved 27008K
}
Event: 2560.043 GC heap before
{Heap before GC invocations=3246 (full 1144):
 def new generation   total 157248K, used 157246K [0x04e00000, 0x0f8a0000, 0x0f8a0000)
  eden space 139776K,  99% used [0x04e00000, 0x0d67fec0, 0x0d680000)
  from space 17472K,  99% used [0x0e790000, 0x0f89f9b8, 0x0f8a0000)
  to   space 17472K,   0% used [0x0d680000, 0x0d680000, 0x0e790000)
 tenured generation   total 349568K, used 349567K [0x0f8a0000, 0x24e00000, 0x24e00000)
   the space 349568K,  99% used [0x0f8a0000, 0x24dffff8, 0x24e00000, 0x24e00000)
 Metaspace       used 25398K, capacity 25934K, committed 26112K, reserved 27008K
Event: 2560.527 GC heap after
Heap after GC invocations=3247 (full 1145):
 def new generation   total 157248K, used 157246K [0x04e00000, 0x0f8a0000, 0x0f8a0000)
  eden space 139776K,  99% used [0x04e00000, 0x0d67fec0, 0x0d680000)
  from space 17472K,  99% used [0x0e790000, 0x0f89f9b8, 0x0f8a0000)
  to   space 17472K,   0% used [0x0d680000, 0x0d680000, 0x0e790000)
 tenured generation   total 349568K, used 349567K [0x0f8a0000, 0x24e00000, 0x24e00000)
   the space 349568K,  99% used [0x0f8a0000, 0x24dffff8, 0x24e00000, 0x24e00000)
 Metaspace       used 25398K, capacity 25934K, committed 26112K, reserved 27008K
}

Deoptimization events (0 events):
No events

Classes redefined (0 events):
No events

Internal exceptions (10 events):
Event: 178.525 Thread 0x2960c800 Exception <a 'sun/nio/fs/WindowsException'> (0x064bc640) thrown at [C:\workspace\8-2-build-windows-i586-cygwin\jdk8u191\11896\hotspot\src\share\vm\prims\jni.cpp, line 709]
Event: 178.525 Thread 0x2960c800 Exception <a 'sun/nio/fs/WindowsException'> (0x064bcd50) thrown at [C:\workspace\8-2-build-windows-i586-cygwin\jdk8u191\11896\hotspot\src\share\vm\prims\jni.cpp, line 709]
Event: 178.526 Thread 0x2960c800 Exception <a 'sun/nio/fs/WindowsException'> (0x064c6d98) thrown at [C:\workspace\8-2-build-windows-i586-cygwin\jdk8u191\11896\hotspot\src\share\vm\prims\jni.cpp, line 709]
Event: 178.526 Thread 0x2960c800 Exception <a 'sun/nio/fs/WindowsException'> (0x064c74a8) thrown at [C:\workspace\8-2-build-windows-i586-cygwin\jdk8u191\11896\hotspot\src\share\vm\prims\jni.cpp, line 709]
Event: 178.528 Thread 0x2960c800 Exception <a 'sun/nio/fs/WindowsException'> (0x064d1f88) thrown at [C:\workspace\8-2-build-windows-i586-cygwin\jdk8u191\11896\hotspot\src\share\vm\prims\jni.cpp, line 709]
Event: 178.528 Thread 0x2960c800 Exception <a 'sun/nio/fs/WindowsException'> (0x064d2508) thrown at [C:\workspace\8-2-build-windows-i586-cygwin\jdk8u191\11896\hotspot\src\share\vm\prims\jni.cpp, line 709]
Event: 178.530 Thread 0x2960c800 Exception <a 'sun/nio/fs/WindowsException'> (0x064e2328) thrown at [C:\workspace\8-2-build-windows-i586-cygwin\jdk8u191\11896\hotspot\src\share\vm\prims\jni.cpp, line 709]
Event: 178.530 Thread 0x2960c800 Exception <a 'sun/nio/fs/WindowsException'> (0x064e2920) thrown at [C:\workspace\8-2-build-windows-i586-cygwin\jdk8u191\11896\hotspot\src\share\vm\prims\jni.cpp, line 709]
Event: 256.395 Thread 0x281dec00 Implicit null exception at 0x0324624e to 0x03246427
Event: 2560.527 Thread 0x2960e000 Exception <a 'java/lang/OutOfMemoryError'> (0x0f931db0) thrown at [C:\workspace\8-2-build-windows-i586-cygwin\jdk8u191\11896\hotspot\src\share\vm\gc_interface/collectedHeap.inline.hpp, line 159]

Events (10 events):
Event: 2557.838 Executing VM operation: GenCollectForAllocation done
Event: 2557.838 Executing VM operation: GenCollectForAllocation
Event: 2558.349 Executing VM operation: GenCollectForAllocation done
Event: 2558.350 Executing VM operation: GenCollectForAllocation
Event: 2558.882 Executing VM operation: GenCollectForAllocation done
Event: 2558.882 Executing VM operation: GenCollectForAllocation
Event: 2559.368 Executing VM operation: GenCollectForAllocation done
Event: 2559.369 Executing VM operation: GenCollectForAllocation
Event: 2560.527 Executing VM operation: GenCollectForAllocation done
Event: 2560.527 Executing VM operation: GenCollectForAllocation


Dynamic libraries:
0x00320000 - 0x00353000 	C:\Program Files (x86)\Arduino\java\bin\javaw.exe
0x77b10000 - 0x77cb3000 	C:\WINDOWS\SYSTEM32\ntdll.dll
0x76660000 - 0x76750000 	C:\WINDOWS\System32\KERNEL32.DLL
0x76060000 - 0x76274000 	C:\WINDOWS\System32\KERNELBASE.dll
0x77990000 - 0x77a0a000 	C:\WINDOWS\System32\ADVAPI32.dll
0x778d0000 - 0x7798f000 	C:\WINDOWS\System32\msvcrt.dll
0x776c0000 - 0x77735000 	C:\WINDOWS\System32\sechost.dll
0x768b0000 - 0x76970000 	C:\WINDOWS\System32\RPCRT4.dll
0x77220000 - 0x773b6000 	C:\WINDOWS\System32\USER32.dll
0x76040000 - 0x76058000 	C:\WINDOWS\System32\win32u.dll
0x76010000 - 0x76033000 	C:\WINDOWS\System32\GDI32.dll
0x76390000 - 0x7646c000 	C:\WINDOWS\System32\gdi32full.dll
0x765e0000 - 0x7665b000 	C:\WINDOWS\System32\msvcp_win.dll
0x77750000 - 0x77870000 	C:\WINDOWS\System32\ucrtbase.dll
0x734f0000 - 0x73700000 	C:\WINDOWS\WinSxS\x86_microsoft.windows.common-controls_6595b64144ccf1df_6.0.19041.844_none_11adecdf30011423\COMCTL32.dll
0x76360000 - 0x76385000 	C:\WINDOWS\System32\IMM32.DLL
0x739a0000 - 0x73a5f000 	C:\Program Files (x86)\Arduino\java\bin\msvcr100.dll
0x69d60000 - 0x6a133000 	C:\Program Files (x86)\Arduino\java\bin\client\jvm.dll
0x76970000 - 0x76976000 	C:\WINDOWS\System32\PSAPI.DLL
0x75810000 - 0x75818000 	C:\WINDOWS\SYSTEM32\VERSION.dll
0x6de80000 - 0x6de88000 	C:\WINDOWS\SYSTEM32\WSOCK32.dll
0x6f5f0000 - 0x6f618000 	C:\WINDOWS\SYSTEM32\WINMM.dll
0x76840000 - 0x768a3000 	C:\WINDOWS\System32\WS2_32.dll
0x73970000 - 0x739a0000 	C:\Program Files (x86)\Arduino\java\bin\splashscreen.dll
0x74240000 - 0x742b4000 	C:\WINDOWS\system32\uxtheme.dll
0x773d0000 - 0x77652000 	C:\WINDOWS\System32\combase.dll
0x73960000 - 0x7396c000 	C:\Program Files (x86)\Arduino\java\bin\verify.dll
0x73930000 - 0x73952000 	C:\Program Files (x86)\Arduino\java\bin\java.dll
0x76500000 - 0x765d4000 	C:\WINDOWS\System32\MSCTF.dll
0x77090000 - 0x77126000 	C:\WINDOWS\System32\OLEAUT32.dll
0x73910000 - 0x73924000 	C:\Program Files (x86)\Arduino\java\bin\zip.dll
0x75820000 - 0x7582f000 	C:\WINDOWS\SYSTEM32\kernel.appcore.dll
0x77130000 - 0x7718d000 	C:\WINDOWS\System32\bcryptPrimitives.dll
0x63410000 - 0x634c9000 	C:\WINDOWS\SYSTEM32\textinputframework.dll
0x6b210000 - 0x6b2ab000 	C:\WINDOWS\System32\CoreMessaging.dll
0x6af90000 - 0x6b20e000 	C:\WINDOWS\System32\CoreUIComponents.dll
0x76470000 - 0x764f7000 	C:\WINDOWS\System32\SHCORE.dll
0x6e950000 - 0x6ea2b000 	C:\WINDOWS\SYSTEM32\wintypes.dll
0x742c0000 - 0x742e9000 	C:\WINDOWS\SYSTEM32\ntmarta.dll
0x75a50000 - 0x76003000 	C:\WINDOWS\System32\SHELL32.dll
0x744d0000 - 0x74ad9000 	C:\WINDOWS\SYSTEM32\windows.storage.dll
0x74e70000 - 0x74e94000 	C:\WINDOWS\SYSTEM32\Wldp.dll
0x77040000 - 0x77085000 	C:\WINDOWS\System32\shlwapi.dll
0x74e00000 - 0x74e18000 	C:\WINDOWS\SYSTEM32\profapi.dll
0x61940000 - 0x619b3000 	C:\Program Files (x86)\Arduino\lib\listSerialsj.dll
0x76c00000 - 0x77035000 	C:\WINDOWS\System32\SETUPAPI.dll
0x759c0000 - 0x759fb000 	C:\WINDOWS\System32\cfgmgr32.dll
0x76750000 - 0x76769000 	C:\WINDOWS\System32\bcrypt.dll
0x738f0000 - 0x7390d000 	C:\Program Files (x86)\Arduino\lib\jnidispatch-4.2.2-win32-x86.dll
0x77a10000 - 0x77af3000 	C:\WINDOWS\System32\Ole32.dll
0x738d0000 - 0x738e5000 	C:\Program Files (x86)\Arduino\java\bin\net.dll
0x73fd0000 - 0x74022000 	C:\WINDOWS\system32\mswsock.dll
0x738c0000 - 0x738cf000 	C:\Program Files (x86)\Arduino\java\bin\nio.dll
0x73770000 - 0x738b7000 	C:\Program Files (x86)\Arduino\java\bin\awt.dll
0x758c0000 - 0x7595f000 	C:\WINDOWS\SYSTEM32\apphelp.dll
0x71470000 - 0x71496000 	C:\WINDOWS\system32\DWMAPI.DLL
0x73730000 - 0x73769000 	C:\Program Files (x86)\Arduino\java\bin\fontmanager.dll
0x6c2b0000 - 0x6c3b4000 	C:\WINDOWS\system32\opengl32.dll
0x6c270000 - 0x6c2af000 	C:\WINDOWS\SYSTEM32\GLU32.dll
0x72f40000 - 0x72f72000 	C:\Program Files (x86)\Arduino\java\bin\t2k.dll
0x73720000 - 0x7372a000 	C:\Program Files (x86)\Arduino\java\bin\management.dll
0x6a970000 - 0x6a981000 	C:\WINDOWS\system32\napinsp.dll
0x6a950000 - 0x6a966000 	C:\WINDOWS\system32\pnrpnsp.dll
0x6a940000 - 0x6a950000 	C:\WINDOWS\system32\wshbth.dll
0x6a920000 - 0x6a936000 	C:\WINDOWS\system32\NLAapi.dll
0x73ef0000 - 0x73f22000 	C:\WINDOWS\SYSTEM32\IPHLPAPI.DLL
0x73f30000 - 0x73fc2000 	C:\WINDOWS\SYSTEM32\DNSAPI.dll
0x77740000 - 0x77747000 	C:\WINDOWS\System32\NSI.dll
0x6a910000 - 0x6a91e000 	C:\WINDOWS\System32\winrnr.dll
0x73e90000 - 0x73ee8000 	C:\WINDOWS\System32\fwpuclnt.dll
0x74370000 - 0x74378000 	C:\Windows\System32\rasadhlp.dll
0x6df80000 - 0x6df94000 	C:\WINDOWS\SYSTEM32\dhcpcsvc6.DLL
0x74210000 - 0x74226000 	C:\WINDOWS\SYSTEM32\dhcpcsvc.DLL
0x74ee0000 - 0x74ef3000 	C:\WINDOWS\SYSTEM32\CRYPTSP.dll
0x74eb0000 - 0x74edf000 	C:\WINDOWS\system32\rsaenh.dll
0x74e20000 - 0x74e45000 	C:\WINDOWS\SYSTEM32\USERENV.dll
0x74ea0000 - 0x74eaa000 	C:\WINDOWS\SYSTEM32\CRYPTBASE.dll
0x6dcb0000 - 0x6dd19000 	C:\Program Files (x86)\Arduino\msvcp100.dll
0x6dbf0000 - 0x6dcae000 	C:\Program Files (x86)\Arduino\msvcr100.dll
0x29270000 - 0x292a2000 	C:\Program Files (x86)\Arduino\lib\AStylej.dll
0x72f10000 - 0x72f34000 	C:\Program Files (x86)\Arduino\java\bin\dcpr.dll
0x69350000 - 0x694c1000 	C:\WINDOWS\SYSTEM32\WindowsCodecs.dll
0x6ad10000 - 0x6ad41000 	C:\WINDOWS\system32\dataexchange.dll
0x6f220000 - 0x6f400000 	C:\WINDOWS\system32\d3d11.dll
0x6aba0000 - 0x6ad04000 	C:\WINDOWS\system32\dcomp.dll
0x6f150000 - 0x6f213000 	C:\WINDOWS\system32\dxgi.dll
0x6e320000 - 0x6e4af000 	C:\WINDOWS\system32\twinapi.appcore.dll
0x73700000 - 0x73720000 	C:\Program Files (x86)\Arduino\java\bin\sunec.dll
0x72f00000 - 0x72f09000 	C:\Program Files (x86)\Arduino\java\bin\sunmscapi.dll
0x76af0000 - 0x76bf1000 	C:\WINDOWS\System32\CRYPT32.dll
0x6db70000 - 0x6dbc4000 	C:\WINDOWS\system32\Ninput.dll
0x74400000 - 0x74424000 	C:\WINDOWS\SYSTEM32\DEVOBJ.dll
0x75a00000 - 0x75a47000 	C:\WINDOWS\System32\WINTRUST.dll
0x743f0000 - 0x743fe000 	C:\WINDOWS\SYSTEM32\MSASN1.dll
0x64000000 - 0x6401b000 	C:\Program Files (x86)\Arduino\lib\jSSC-2.8_x86.dll
0x74080000 - 0x74208000 	C:\WINDOWS\SYSTEM32\dbghelp.dll

VM Arguments:
jvm_args: -Dsun.java2d.d3d=false -Djna.nosys=true -Djna.nounpack=true -Djna.boot.library.name=jnidispatch-4.2.2-win32-x86 -Djna.boot.library.path=C:\Program Files (x86)\Arduino/lib -Djssc.library.path=C:\Program Files (x86)\Arduino/lib -DAPP_DIR=C:\Program Files (x86)\Arduino -Xms128M -Xmx512M -Dfile.encoding=UTF8 -Djava.net.preferIPv4Stack=true 
java_command: processing.app.Base C:\Users\cemmy\Documents\Arduino\Combined\Combined.ino
java_class_path (initial): C:\Program Files (x86)\Arduino\lib\apple.jar;C:\Program Files (x86)\Arduino\lib\arduino-core.jar;C:\Program Files (x86)\Arduino\lib\batik-1.8.jar;C:\Program Files (x86)\Arduino\lib\batik-anim-1.8.jar;C:\Program Files (x86)\Arduino\lib\batik-awt-util-1.8.jar;C:\Program Files (x86)\Arduino\lib\batik-bridge-1.8.jar;C:\Program Files (x86)\Arduino\lib\batik-codec-1.8.jar;C:\Program Files (x86)\Arduino\lib\batik-css-1.8.jar;C:\Program Files (x86)\Arduino\lib\batik-dom-1.8.jar;C:\Program Files (x86)\Arduino\lib\batik-ext-1.8.jar;C:\Program Files (x86)\Arduino\lib\batik-gvt-1.8.jar;C:\Program Files (x86)\Arduino\lib\batik-parser-1.8.jar;C:\Program Files (x86)\Arduino\lib\batik-rasterizer-1.8.jar;C:\Program Files (x86)\Arduino\lib\batik-script-1.8.jar;C:\Program Files (x86)\Arduino\lib\batik-squiggle-1.8.jar;C:\Program Files (x86)\Arduino\lib\batik-svg-dom-1.8.jar;C:\Program Files (x86)\Arduino\lib\batik-svgpp-1.8.jar;C:\Program Files (x86)\Arduino\lib\batik-transcoder-1.8.jar;C:\Program Files (x86)\Arduino\lib\batik-util-1.8.jar;C:\Program Files (x86)\Arduino\lib\batik-xml-1.8.jar;C:\Program Files (x86)\Arduino\lib\bcpg-jdk15on-152.jar;C:\Program Files (x86)\Arduino\lib\bcprov-jdk15on-152.jar;C:\Program Files (x86)\Arduino\lib\commons-codec-1.7.jar;C:\Program Files (x86)\Arduino\lib\commons-compress-1.8.jar;C:\Program Files (x86)\Arduino\lib\commons-exec-1.1.jar;C:\Program Files (x86)\Arduino\lib\commons-httpclient-3.1.jar;C:\Program Files (x86)\Arduino\lib\commons-lang3-3.8.1.jar;C:\Program Files (x86)\Arduino\lib\commons-logging-1.0.4.jar;C:\Program Files (x86)\Arduino\lib\commons-net-3.3.jar;C:\Program Files (x86)\Arduino\lib\commons-io-2.6.jar;C:\Program Files (x86)\Arduino\lib\jackson-annotations-2.9.5.jar;C:\Program Files (x86)\Arduino\lib\jackson-core-2.9.5.jar;C:\Program Files (x86)\Arduino\lib\jackson-databind-2.9.5.jar;C:\Program Files (x86)\Arduino\lib\java-semver-0.8.0.jar;C:\Program Files (x86)\Arduino\lib\jmdns-3.5.5.jar;C:\Program
Launcher Type: SUN_STANDARD

Environment Variables:
PATH=C:\windows\system32;C:\windows;C:\windows\System32\Wbem;C:\windows\System32\WindowsPowerShell\v1.0\;C:\windows\System32\OpenSSH\;C:\Program Files (x86)\NVIDIA Corporation\PhysX\Common;C:\Program Files\NVIDIA Corporation\NVIDIA NvDLISR;C:\WINDOWS\system32;C:\WINDOWS;C:\WINDOWS\System32\Wbem;C:\WINDOWS\System32\WindowsPowerShell\v1.0\;C:\WINDOWS\System32\OpenSSH\;C:\Program Files\MATLAB\R2020b\bin;C:\Program Files (x86)\Pico Technology\PicoScope6\;C:\Users\cemmy\AppData\Local\Microsoft\WindowsApps;C:\intelFPGA_lite\18.0\modelsim_ase\win32aloem;C:\Users\cemmy\AppData\Local\GitHubDesktop\bin;C:\Program Files (x86)\Arduino\java\bin
USERNAME=cemmy
OS=Windows_NT
PROCESSOR_IDENTIFIER=Intel64 Family 6 Model 142 Stepping 12, GenuineIntel



---------------  S Y S T E M  ---------------

OS: Windows 10.0 , 64 bit Build 19041 (10.0.19041.928)

CPU:total 8 (initial active 8) (4 cores per cpu, 2 threads per core) family 6 model 142 stepping 12, cmov, cx8, fxsr, mmx, sse, sse2, sse3, ssse3, sse4.1, sse4.2, popcnt, avx, avx2, aes, clmul, erms, 3dnowpref, lzcnt, ht, tsc, tscinvbit, bmi1, bmi2, adx

Memory: 4k page, physical 16559604k(9770132k free), swap 19049972k(10138820k free)

vm_info: Java HotSpot(TM) Client VM (25.191-b12) for windows-x86 JRE (1.8.0_191-b12), built on Oct  6 2018 08:34:23 by "java_re" with MS VC++ 10.0 (VS2010)

time: Fri Jun 04 17:11:12 2021
elapsed time: 2560 seconds (0d 0h 42m 40s)

